<?xml version="1.0" encoding="UTF-8"?>
<testng-results skipped="0" failed="0" total="1" passed="1">
  <reporter-output>
  </reporter-output>
  <suite name="riyaproject.AppTest" duration-ms="60" started-at="2017-05-15T17:53:38Z" finished-at="2017-05-15T17:53:38Z">
    <groups>
    </groups>
    <test name="Command line test" duration-ms="60" started-at="2017-05-15T17:53:38Z" finished-at="2017-05-15T17:53:38Z">
      <class name="riyaproject.AppTest">
        <test-method status="PASS" signature="sendmail()[pri:0, instance:riyaproject.AppTest@1417077]" name="sendmail" duration-ms="33" started-at="2017-05-15T23:23:38Z" finished-at="2017-05-15T23:23:38Z">
          <reporter-output>
          </reporter-output>
        </test-method> <!-- sendmail -->
      </class> <!-- riyaproject.AppTest -->
    </test> <!-- Command line test -->
  </suite> <!-- riyaproject.AppTest -->
</testng-results>
