<?xml version="1.0" encoding="UTF-8"?>
<testng-results skipped="0" failed="0" ignored="0" total="1" passed="1">
  <reporter-output>
  </reporter-output>
  <suite name="Default suite" duration-ms="277" started-at="2017-05-14T06:08:41Z" finished-at="2017-05-14T06:08:42Z">
    <groups>
    </groups>
    <test name="Default test" duration-ms="277" started-at="2017-05-14T06:08:41Z" finished-at="2017-05-14T06:08:42Z">
      <class name="riyaproject.AppTest">
        <test-method status="PASS" signature="sendmail()[pri:0, instance:riyaproject.AppTest@178f375]" name="sendmail" duration-ms="76" started-at="2017-05-14T11:38:41Z" finished-at="2017-05-14T11:38:42Z">
          <reporter-output>
          </reporter-output>
        </test-method> <!-- sendmail -->
      </class> <!-- riyaproject.AppTest -->
    </test> <!-- Default test -->
  </suite> <!-- Default suite -->
</testng-results>
